<?xml version="1.0" encoding="UTF-8"?>
<testsuite xmlns:xsi="http://www.w3.org/2001/XMLSchema-instance" xsi:noNamespaceSchemaLocation="https://maven.apache.org/surefire/maven-surefire-plugin/xsd/surefire-test-report-3.0.xsd" version="3.0" name="demo.microservices.demo.twitter.to.kafka.service.TwitterToKafkaServiceApplicationTest" time="1.713" tests="1" errors="0" skipped="0" failures="0">
  <properties>
[...]
</properties>
  <testcase name="contextLoad" classname="demo.microservices.demo.twitter.to.kafka.service.TwitterToKafkaServiceApplicationTest" time="0.769">
    <system-out><![CDATA[22:04:05,600 |-INFO in ch.qos.logback.classic.LoggerContext[default] - This is logback-classic version 1.4.14
22:04:05,602 |-INFO in ch.qos.logback.classic.util.ContextInitializer@43599640 - Here is a list of configurators discovered as a service, by rank: 
22:04:05,602 |-INFO in ch.qos.logback.classic.util.ContextInitializer@43599640 -   org.springframework.boot.logging.logback.RootLogLevelConfigurator
22:04:05,602 |-INFO in ch.qos.logback.classic.util.ContextInitializer@43599640 - They will be invoked in order until ExecutionStatus.DO_NOT_INVOKE_NEXT_IF_ANY is returned.
22:04:05,602 |-INFO in ch.qos.logback.classic.util.ContextInitializer@43599640 - Constructed configurator of type class org.springframework.boot.logging.logback.RootLogLevelConfigurator
22:04:05,607 |-INFO in ch.qos.logback.classic.util.ContextInitializer@43599640 - org.springframework.boot.logging.logback.RootLogLevelConfigurator.configure() call lasted 0 milliseconds. ExecutionStatus=INVOKE_NEXT_IF_ANY
22:04:05,607 |-INFO in ch.qos.logback.classic.util.ContextInitializer@43599640 - Trying to configure with ch.qos.logback.classic.joran.SerializedModelConfigurator
22:04:05,608 |-INFO in ch.qos.logback.classic.util.ContextInitializer@43599640 - Constructed configurator of type class ch.qos.logback.classic.joran.SerializedModelConfigurator
22:04:05,609 |-INFO in ch.qos.logback.classic.LoggerContext[default] - Could NOT find resource [logback-test.scmo]
22:04:05,610 |-INFO in ch.qos.logback.classic.LoggerContext[default] - Could NOT find resource [logback.scmo]
22:04:05,610 |-INFO in ch.qos.logback.classic.util.ContextInitializer@43599640 - ch.qos.logback.classic.joran.SerializedModelConfigurator.configure() call lasted 2 milliseconds. ExecutionStatus=INVOKE_NEXT_IF_ANY
22:04:05,610 |-INFO in ch.qos.logback.classic.util.ContextInitializer@43599640 - Trying to configure with ch.qos.logback.classic.util.DefaultJoranConfigurator
22:04:05,610 |-INFO in ch.qos.logback.classic.util.ContextInitializer@43599640 - Constructed configurator of type class ch.qos.logback.classic.util.DefaultJoranConfigurator
22:04:05,610 |-INFO in ch.qos.logback.classic.LoggerContext[default] - Could NOT find resource [logback-test.xml]
22:04:05,612 |-INFO in ch.qos.logback.classic.LoggerContext[default] - Found resource [logback.xml] at [file:/C:/Users/v.hasporian/OneDrive%20-%20Playtech/Desktop/microservices-demo/twitter-to-kafka-service/target/classes/logback.xml]
22:04:05,674 |-INFO in ch.qos.logback.core.model.processor.AppenderModelHandler - Processing appender named [STDOUT]
22:04:05,674 |-INFO in ch.qos.logback.core.model.processor.AppenderModelHandler - About to instantiate appender of type [ch.qos.logback.core.ConsoleAppender]
22:04:05,696 |-WARN in ch.qos.logback.core.ConsoleAppender[STDOUT] - This appender no longer admits a layout as a sub-component, set an encoder instead.
22:04:05,696 |-WARN in ch.qos.logback.core.ConsoleAppender[STDOUT] - To ensure compatibility, wrapping your layout in LayoutWrappingEncoder.
22:04:05,696 |-WARN in ch.qos.logback.core.ConsoleAppender[STDOUT] - See also http://logback.qos.ch/codes.html#layoutInsteadOfEncoder for details
22:04:05,696 |-INFO in ch.qos.logback.core.model.processor.AppenderModelHandler - Processing appender named [FILE]
22:04:05,696 |-INFO in ch.qos.logback.core.model.processor.AppenderModelHandler - About to instantiate appender of type [ch.qos.logback.core.rolling.RollingFileAppender]
22:04:05,706 |-INFO in c.q.l.core.rolling.TimeBasedRollingPolicy@528591360 - No compression will be used
22:04:05,707 |-INFO in c.q.l.core.rolling.TimeBasedRollingPolicy@528591360 - Will use the pattern ./twitter-to-kafka-service/logs/archived/twitter-to-kafka-service-log.%d{yyyy-MM-dd}.%i.log for the active file
22:04:05,709 |-INFO in ch.qos.logback.core.rolling.SizeAndTimeBasedFNATP@6b6776cb - The date pattern is 'yyyy-MM-dd' from file name pattern './twitter-to-kafka-service/logs/archived/twitter-to-kafka-service-log.%d{yyyy-MM-dd}.%i.log'.
22:04:05,709 |-INFO in ch.qos.logback.core.rolling.SizeAndTimeBasedFNATP@6b6776cb - Roll-over at midnight.
22:04:05,710 |-INFO in ch.qos.logback.core.rolling.SizeAndTimeBasedFNATP@6b6776cb - Setting initial period to 2024-05-17T18:58:37.239Z
22:04:05,710 |-WARN in ch.qos.logback.core.rolling.SizeAndTimeBasedFNATP@6b6776cb - SizeAndTimeBasedFNATP is deprecated. Use SizeAndTimeBasedRollingPolicy instead
22:04:05,710 |-WARN in ch.qos.logback.core.rolling.SizeAndTimeBasedFNATP@6b6776cb - For more information see http://logback.qos.ch/manual/appenders.html#SizeAndTimeBasedRollingPolicy
22:04:05,713 |-INFO in ch.qos.logback.core.rolling.RollingFileAppender[FILE] - Active log file name: ./twitter-to-kafka-service/logs/twitter-to-kafka-service.log
22:04:05,713 |-INFO in ch.qos.logback.core.rolling.RollingFileAppender[FILE] - File property is set to [./twitter-to-kafka-service/logs/twitter-to-kafka-service.log]
22:04:05,715 |-INFO in ch.qos.logback.classic.model.processor.LoggerModelHandler - Setting level of logger [com.microservices.demo] to INFO
22:04:05,716 |-INFO in ch.qos.logback.classic.model.processor.LoggerModelHandler - Setting additivity of logger [com.microservices.demo] to false
22:04:05,716 |-INFO in ch.qos.logback.core.model.processor.AppenderRefModelHandler - Attaching appender named [FILE] to Logger[com.microservices.demo]
22:04:05,717 |-INFO in ch.qos.logback.core.model.processor.AppenderRefModelHandler - Attaching appender named [STDOUT] to Logger[com.microservices.demo]
22:04:05,717 |-INFO in ch.qos.logback.classic.model.processor.RootLoggerModelHandler - Setting level of ROOT logger to INFO
22:04:05,717 |-INFO in ch.qos.logback.core.model.processor.AppenderRefModelHandler - Attaching appender named [FILE] to Logger[ROOT]
22:04:05,717 |-INFO in ch.qos.logback.core.model.processor.AppenderRefModelHandler - Attaching appender named [STDOUT] to Logger[ROOT]
22:04:05,717 |-INFO in ch.qos.logback.core.model.processor.DefaultProcessor@1863d2fe - End of configuration.
22:04:05,717 |-INFO in ch.qos.logback.classic.joran.JoranConfigurator@1787bc24 - Registering current configuration as safe fallback point
22:04:05,717 |-INFO in ch.qos.logback.classic.util.ContextInitializer@43599640 - ch.qos.logback.classic.util.DefaultJoranConfigurator.configure() call lasted 107 milliseconds. ExecutionStatus=DO_NOT_INVOKE_NEXT_IF_ANY

2024-05-17 22:04:05 INFO  [main] o.s.t.c.s.AnnotationConfigContextLoaderUtils - Could not detect default configuration classes for test class [demo.microservices.demo.twitter.to.kafka.service.TwitterToKafkaServiceApplicationTest]: TwitterToKafkaServiceApplicationTest does not declare any static, non-private, non-final, nested classes annotated with @Configuration.
2024-05-17 22:04:05 INFO  [main] o.s.b.t.c.SpringBootTestContextBootstrapper - Found @SpringBootConfiguration demo.microservices.demo.twitter.to.kafka.service.TwitterToKafkaServiceApplication for test class demo.microservices.demo.twitter.to.kafka.service.TwitterToKafkaServiceApplicationTest
22:04:06,099 |-INFO in ch.qos.logback.core.model.processor.AppenderModelHandler - Processing appender named [STDOUT]
22:04:06,099 |-INFO in ch.qos.logback.core.model.processor.AppenderModelHandler - About to instantiate appender of type [ch.qos.logback.core.ConsoleAppender]
22:04:06,100 |-WARN in ch.qos.logback.core.ConsoleAppender[STDOUT] - This appender no longer admits a layout as a sub-component, set an encoder instead.
22:04:06,100 |-WARN in ch.qos.logback.core.ConsoleAppender[STDOUT] - To ensure compatibility, wrapping your layout in LayoutWrappingEncoder.
22:04:06,100 |-WARN in ch.qos.logback.core.ConsoleAppender[STDOUT] - See also http://logback.qos.ch/codes.html#layoutInsteadOfEncoder for details
22:04:06,100 |-INFO in ch.qos.logback.core.model.processor.AppenderModelHandler - Processing appender named [FILE]
22:04:06,100 |-INFO in ch.qos.logback.core.model.processor.AppenderModelHandler - About to instantiate appender of type [ch.qos.logback.core.rolling.RollingFileAppender]
22:04:06,101 |-INFO in c.q.l.core.rolling.TimeBasedRollingPolicy@486759395 - No compression will be used
22:04:06,101 |-INFO in c.q.l.core.rolling.TimeBasedRollingPolicy@486759395 - Will use the pattern ./twitter-to-kafka-service/logs/archived/twitter-to-kafka-service-log.%d{yyyy-MM-dd}.%i.log for the active file
22:04:06,101 |-INFO in ch.qos.logback.core.rolling.SizeAndTimeBasedFNATP@4a60ee36 - The date pattern is 'yyyy-MM-dd' from file name pattern './twitter-to-kafka-service/logs/archived/twitter-to-kafka-service-log.%d{yyyy-MM-dd}.%i.log'.
22:04:06,101 |-INFO in ch.qos.logback.core.rolling.SizeAndTimeBasedFNATP@4a60ee36 - Roll-over at midnight.
22:04:06,102 |-INFO in ch.qos.logback.core.rolling.SizeAndTimeBasedFNATP@4a60ee36 - Setting initial period to 2024-05-17T19:04:05.863Z
22:04:06,102 |-WARN in ch.qos.logback.core.rolling.SizeAndTimeBasedFNATP@4a60ee36 - SizeAndTimeBasedFNATP is deprecated. Use SizeAndTimeBasedRollingPolicy instead
22:04:06,102 |-WARN in ch.qos.logback.core.rolling.SizeAndTimeBasedFNATP@4a60ee36 - For more information see http://logback.qos.ch/manual/appenders.html#SizeAndTimeBasedRollingPolicy
22:04:06,102 |-INFO in ch.qos.logback.core.rolling.RollingFileAppender[FILE] - Active log file name: ./twitter-to-kafka-service/logs/twitter-to-kafka-service.log
22:04:06,102 |-INFO in ch.qos.logback.core.rolling.RollingFileAppender[FILE] - File property is set to [./twitter-to-kafka-service/logs/twitter-to-kafka-service.log]
22:04:06,102 |-INFO in ch.qos.logback.classic.model.processor.LoggerModelHandler - Setting level of logger [com.microservices.demo] to INFO
22:04:06,102 |-INFO in ch.qos.logback.classic.jul.LevelChangePropagator@4cfbaf4 - Propagating INFO level on Logger[com.microservices.demo] onto the JUL framework
22:04:06,103 |-INFO in ch.qos.logback.classic.model.processor.LoggerModelHandler - Setting additivity of logger [com.microservices.demo] to false
22:04:06,103 |-INFO in ch.qos.logback.core.model.processor.AppenderRefModelHandler - Attaching appender named [FILE] to Logger[com.microservices.demo]
22:04:06,103 |-INFO in ch.qos.logback.core.model.processor.AppenderRefModelHandler - Attaching appender named [STDOUT] to Logger[com.microservices.demo]
22:04:06,103 |-INFO in ch.qos.logback.classic.model.processor.RootLoggerModelHandler - Setting level of ROOT logger to INFO
22:04:06,103 |-INFO in ch.qos.logback.classic.jul.LevelChangePropagator@4cfbaf4 - Propagating INFO level on Logger[ROOT] onto the JUL framework
22:04:06,103 |-INFO in ch.qos.logback.core.model.processor.AppenderRefModelHandler - Attaching appender named [FILE] to Logger[ROOT]
22:04:06,103 |-INFO in ch.qos.logback.core.model.processor.AppenderRefModelHandler - Attaching appender named [STDOUT] to Logger[ROOT]
22:04:06,103 |-INFO in ch.qos.logback.core.model.processor.DefaultProcessor@58faa93b - End of configuration.
22:04:06,103 |-INFO in org.springframework.boot.logging.logback.SpringBootJoranConfigurator@5f212d84 - Registering current configuration as safe fallback point


  .   ____          _            __ _ _
 /\\ / ___'_ __ _ _(_)_ __  __ _ \ \ \ \
( ( )\___ | '_ | '_| | '_ \/ _` | \ \ \ \
 \\/  ___)| |_)| | | | | || (_| |  ) ) ) )
  '  |____| .__|_| |_|_| |_\__, | / / / /
 =========|_|==============|___/=/_/_/_/
 :: Spring Boot ::                (v3.2.5)

2024-05-17 22:04:06 INFO  [main] d.m.d.t.t.k.s.TwitterToKafkaServiceApplicationTest - Starting TwitterToKafkaServiceApplicationTest using Java 17.0.2 with PID 14288 (started by v.hasporian in C:\Users\v.hasporian\OneDrive - Playtech\Desktop\microservices-demo\twitter-to-kafka-service)
2024-05-17 22:04:06 INFO  [main] d.m.d.t.t.k.s.TwitterToKafkaServiceApplicationTest - No active profile set, falling back to 1 default profile: "default"
2024-05-17 22:04:06 INFO  [main] d.m.d.t.t.k.s.TwitterToKafkaServiceApplicationTest - Started TwitterToKafkaServiceApplicationTest in 0.538 seconds (process running for 1.315)
2024-05-17 22:04:06 INFO  [main] d.m.d.t.t.k.s.TwitterToKafkaServiceApplication - App start...
2024-05-17 22:04:06 INFO  [main] d.m.d.t.t.k.s.TwitterToKafkaServiceApplication - [-Java -Microservices -Spring -Kafka -Elasticsearch]
]]></system-out>
  </testcase>
</testsuite>